Build started 5/31/2016 15:47:30.
     1>Project "C:\Users\Luna\Programming Projects\IGMTutorial\Staging\Fractals\Practise\Practise.vcxproj" on node 2 (Build target(s)).
     1>ClCompile:
         C:\Program Files (x86)\Microsoft Visual Studio 12.0\VC\bin\CL.exe /c /ZI /nologo /W3 /WX- /sdl /Od /Oy- /D _CRT_SECURE_NO_WARNINGS /D _MBCS /Gm /EHsc /RTC1 /MDd /GS /fp:precise /Zc:wchar_t /Zc:forScope /Fo"Debug\\" /Fd"Debug\vc120.pdb" /Gd /TC /analyze- /errorReport:prompt Camera.c main.c Shaders.c
         Shaders.c
     1>c:\users\luna\programming projects\igmtutorial\staging\fractals\practise\vector.h(37): warning C4244: 'initializing' : conversion from 'double' to 'float', possible loss of data
     1>c:\users\luna\programming projects\igmtutorial\staging\fractals\practise\vector.h(38): warning C4244: 'initializing' : conversion from 'double' to 'float', possible loss of data
     1>c:\users\luna\programming projects\igmtutorial\staging\fractals\practise\vector.h(39): warning C4244: 'initializing' : conversion from 'double' to 'float', possible loss of data
         main.c
     1>c:\users\luna\programming projects\igmtutorial\staging\fractals\practise\vector.h(37): warning C4244: 'initializing' : conversion from 'double' to 'float', possible loss of data
     1>c:\users\luna\programming projects\igmtutorial\staging\fractals\practise\vector.h(38): warning C4244: 'initializing' : conversion from 'double' to 'float', possible loss of data
     1>c:\users\luna\programming projects\igmtutorial\staging\fractals\practise\vector.h(39): warning C4244: 'initializing' : conversion from 'double' to 'float', possible loss of data
     1>c:\users\luna\programming projects\igmtutorial\staging\fractals\practise\main.c(169): warning C4047: 'function' : 'const GLfloat *' differs in levels of indirection from 'mat4x4'
     1>c:\users\luna\programming projects\igmtutorial\staging\fractals\practise\main.c(169): warning C4024: '__glewUniformMatrix4fv' : different types for formal and actual parameter 4
         Camera.c
     1>c:\users\luna\programming projects\igmtutorial\staging\fractals\practise\vector.h(37): warning C4244: 'initializing' : conversion from 'double' to 'float', possible loss of data
     1>c:\users\luna\programming projects\igmtutorial\staging\fractals\practise\vector.h(38): warning C4244: 'initializing' : conversion from 'double' to 'float', possible loss of data
     1>c:\users\luna\programming projects\igmtutorial\staging\fractals\practise\vector.h(39): warning C4244: 'initializing' : conversion from 'double' to 'float', possible loss of data
         Generating Code...
       Link:
         C:\Program Files (x86)\Microsoft Visual Studio 12.0\VC\bin\link.exe /ERRORREPORT:PROMPT /OUT:"C:\Users\Luna\Programming Projects\IGMTutorial\Staging\Fractals\Debug\Practise.exe" /INCREMENTAL /NOLOGO opengl32.lib glew32.lib SDL2.lib SDL2main.lib SDL2test.lib SOIL.lib kernel32.lib user32.lib gdi32.lib winspool.lib comdlg32.lib advapi32.lib shell32.lib ole32.lib oleaut32.lib uuid.lib odbc32.lib odbccp32.lib /MANIFEST /MANIFESTUAC:"level='asInvoker' uiAccess='false'" /manifest:embed /DEBUG /PDB:"C:\Users\Luna\Programming Projects\IGMTutorial\Staging\Fractals\Debug\Practise.pdb" /SUBSYSTEM:CONSOLE /TLBID:1 /DYNAMICBASE /NXCOMPAT /IMPLIB:"C:\Users\Luna\Programming Projects\IGMTutorial\Staging\Fractals\Debug\Practise.lib" /MACHINE:X86 Debug\Camera.obj
         Debug\main.obj
         Debug\Shaders.obj
     1>MSVCRTD.lib(cinitexe.obj) : warning LNK4098: defaultlib 'msvcrt.lib' conflicts with use of other libs; use /NODEFAULTLIB:library
         Practise.vcxproj -> C:\Users\Luna\Programming Projects\IGMTutorial\Staging\Fractals\Debug\Practise.exe
     1>Done Building Project "C:\Users\Luna\Programming Projects\IGMTutorial\Staging\Fractals\Practise\Practise.vcxproj" (Build target(s)).

Build succeeded.

Time Elapsed 00:00:00.76
